<?xml version="1.0" encoding="UTF-8"?>
<Site BuildName="Linux-c++"
	BuildStamp="20220215-0903-Experimental"
	Name="Manjaro"
	Generator="ctest-3.22.2"
	CompilerName="/usr/bin/c++"
	CompilerVersion="11.1.0"
	OSName="Linux"
	Hostname="Manjaro"
	OSRelease="5.4.150-1-MANJARO"
	OSVersion="#1 SMP PREEMPT Thu Sep 30 16:13:54 UTC 2021"
	OSPlatform="x86_64"
	Is64Bits="1"
	VendorString="GenuineIntel"
	VendorID="Intel Corporation"
	FamilyID="6"
	ModelID="61"
	ProcessorCacheSize="4096"
	NumberOfLogicalCPU="4"
	NumberOfPhysicalCPU="2"
	TotalVirtualMemory="0"
	TotalPhysicalMemory="15926"
	LogicalProcessorsPerPhysical="2"
	ProcessorClockFrequency="2606.15"
	>
	<Testing>
		<StartDateTime>Feb 15 10:03 CET</StartDateTime>
		<StartTestTime>1644915837</StartTestTime>
		<TestList/>
		<EndDateTime>Feb 15 10:03 CET</EndDateTime>
		<EndTestTime>1644915837</EndTestTime>
		<ElapsedMinutes>0</ElapsedMinutes>
	</Testing>
</Site>
